[0.007s] Invoking command in '/home/ws/build/seer_diff_drive_robot': CMAKE_PREFIX_PATH=${CMAKE_PREFIX_PATH}:/opt/ros/jazzy /usr/bin/cmake /home/ws/src/seer_diff_drive_robot -DCMAKE_INSTALL_PREFIX=/home/ws/install/seer_diff_drive_robot
[0.060s] -- The C compiler identification is GNU 13.3.0
[0.099s] -- The CXX compiler identification is GNU 13.3.0
[0.109s] -- Detecting C compiler ABI info
[0.168s] -- Detecting C compiler ABI info - done
[0.174s] -- Check for working C compiler: /usr/bin/cc - skipped
[0.174s] -- Detecting C compile features
[0.175s] -- Detecting C compile features - done
[0.180s] -- Detecting CXX compiler ABI info
[0.249s] -- Detecting CXX compiler ABI info - done
[0.255s] -- Check for working CXX compiler: /usr/bin/c++ - skipped
[0.256s] -- Detecting CXX compile features
[0.256s] -- Detecting CXX compile features - done
[0.261s] -- Found ament_cmake: 2.5.3 (/opt/ros/jazzy/share/ament_cmake/cmake)
[0.369s] -- Found Python3: /usr/bin/python3 (found version "3.12.3") found components: Interpreter 
[0.479s] -- Found ament_lint_auto: 0.17.1 (/opt/ros/jazzy/share/ament_lint_auto/cmake)
[0.574s] -- Added test 'flake8' to check Python code syntax and style conventions
[0.574s] -- Configured 'flake8' exclude dirs and/or files: 
[0.575s] -- Added test 'lint_cmake' to check CMake code style
[0.575s] -- Added test 'pep257' to check Python code against some of the docstring style conventions in PEP 257
[0.576s] -- Added test 'xmllint' to check XML markup files
[0.577s] -- Configuring done (0.6s)
[0.579s] -- Generating done (0.0s)
[0.580s] -- Build files have been written to: /home/ws/build/seer_diff_drive_robot
[0.585s] Invoked command in '/home/ws/build/seer_diff_drive_robot' returned '0': CMAKE_PREFIX_PATH=${CMAKE_PREFIX_PATH}:/opt/ros/jazzy /usr/bin/cmake /home/ws/src/seer_diff_drive_robot -DCMAKE_INSTALL_PREFIX=/home/ws/install/seer_diff_drive_robot
[0.585s] Invoking command in '/home/ws/build/seer_diff_drive_robot': CMAKE_PREFIX_PATH=${CMAKE_PREFIX_PATH}:/opt/ros/jazzy /usr/bin/cmake --build /home/ws/build/seer_diff_drive_robot -- -j16 -l16
[0.613s] Invoked command in '/home/ws/build/seer_diff_drive_robot' returned '0': CMAKE_PREFIX_PATH=${CMAKE_PREFIX_PATH}:/opt/ros/jazzy /usr/bin/cmake --build /home/ws/build/seer_diff_drive_robot -- -j16 -l16
[0.621s] Invoking command in '/home/ws/build/seer_diff_drive_robot': CMAKE_PREFIX_PATH=${CMAKE_PREFIX_PATH}:/opt/ros/jazzy /usr/bin/cmake --install /home/ws/build/seer_diff_drive_robot
[0.627s] -- Install configuration: ""
[0.627s] -- Installing: /home/ws/install/seer_diff_drive_robot/share/seer_diff_drive_robot/launch
[0.627s] -- Installing: /home/ws/install/seer_diff_drive_robot/share/seer_diff_drive_robot/launch/robot.launch.py
[0.627s] -- Installing: /home/ws/install/seer_diff_drive_robot/share/seer_diff_drive_robot/model
[0.627s] -- Installing: /home/ws/install/seer_diff_drive_robot/share/seer_diff_drive_robot/model/robot.xacro
[0.627s] -- Installing: /home/ws/install/seer_diff_drive_robot/share/seer_diff_drive_robot/config
[0.627s] -- Installing: /home/ws/install/seer_diff_drive_robot/share/seer_diff_drive_robot/config/gz_bridge.yaml
[0.627s] -- Installing: /home/ws/install/seer_diff_drive_robot/share/ament_index/resource_index/package_run_dependencies/seer_diff_drive_robot
[0.627s] -- Installing: /home/ws/install/seer_diff_drive_robot/share/ament_index/resource_index/parent_prefix_path/seer_diff_drive_robot
[0.627s] -- Installing: /home/ws/install/seer_diff_drive_robot/share/seer_diff_drive_robot/environment/ament_prefix_path.sh
[0.627s] -- Installing: /home/ws/install/seer_diff_drive_robot/share/seer_diff_drive_robot/environment/ament_prefix_path.dsv
[0.628s] -- Installing: /home/ws/install/seer_diff_drive_robot/share/seer_diff_drive_robot/environment/path.sh
[0.628s] -- Installing: /home/ws/install/seer_diff_drive_robot/share/seer_diff_drive_robot/environment/path.dsv
[0.628s] -- Installing: /home/ws/install/seer_diff_drive_robot/share/seer_diff_drive_robot/local_setup.bash
[0.628s] -- Installing: /home/ws/install/seer_diff_drive_robot/share/seer_diff_drive_robot/local_setup.sh
[0.628s] -- Installing: /home/ws/install/seer_diff_drive_robot/share/seer_diff_drive_robot/local_setup.zsh
[0.628s] -- Installing: /home/ws/install/seer_diff_drive_robot/share/seer_diff_drive_robot/local_setup.dsv
[0.628s] -- Installing: /home/ws/install/seer_diff_drive_robot/share/seer_diff_drive_robot/package.dsv
[0.628s] -- Installing: /home/ws/install/seer_diff_drive_robot/share/ament_index/resource_index/packages/seer_diff_drive_robot
[0.628s] -- Installing: /home/ws/install/seer_diff_drive_robot/share/seer_diff_drive_robot/cmake/seer_diff_drive_robotConfig.cmake
[0.628s] -- Installing: /home/ws/install/seer_diff_drive_robot/share/seer_diff_drive_robot/cmake/seer_diff_drive_robotConfig-version.cmake
[0.628s] -- Installing: /home/ws/install/seer_diff_drive_robot/share/seer_diff_drive_robot/package.xml
[0.629s] Invoked command in '/home/ws/build/seer_diff_drive_robot' returned '0': CMAKE_PREFIX_PATH=${CMAKE_PREFIX_PATH}:/opt/ros/jazzy /usr/bin/cmake --install /home/ws/build/seer_diff_drive_robot
