running egg_info
creating ../../build/seer_package/seer_package.egg-info
writing ../../build/seer_package/seer_package.egg-info/PKG-INFO
writing dependency_links to ../../build/seer_package/seer_package.egg-info/dependency_links.txt
writing entry points to ../../build/seer_package/seer_package.egg-info/entry_points.txt
writing requirements to ../../build/seer_package/seer_package.egg-info/requires.txt
writing top-level names to ../../build/seer_package/seer_package.egg-info/top_level.txt
writing manifest file '../../build/seer_package/seer_package.egg-info/SOURCES.txt'
reading manifest file '../../build/seer_package/seer_package.egg-info/SOURCES.txt'
adding license file 'LICENSE'
writing manifest file '../../build/seer_package/seer_package.egg-info/SOURCES.txt'
running build
running build_py
creating /home/ws/build/seer_package/build
creating /home/ws/build/seer_package/build/lib
creating /home/ws/build/seer_package/build/lib/seer_package
copying seer_package/test_node.py -> /home/ws/build/seer_package/build/lib/seer_package
copying seer_package/__init__.py -> /home/ws/build/seer_package/build/lib/seer_package
running install
running install_lib
creating /home/ws/install/seer_package/lib/python3.12/site-packages/seer_package
copying /home/ws/build/seer_package/build/lib/seer_package/test_node.py -> /home/ws/install/seer_package/lib/python3.12/site-packages/seer_package
copying /home/ws/build/seer_package/build/lib/seer_package/__init__.py -> /home/ws/install/seer_package/lib/python3.12/site-packages/seer_package
byte-compiling /home/ws/install/seer_package/lib/python3.12/site-packages/seer_package/test_node.py to test_node.cpython-312.pyc
byte-compiling /home/ws/install/seer_package/lib/python3.12/site-packages/seer_package/__init__.py to __init__.cpython-312.pyc
running install_data
creating /home/ws/install/seer_package/share/ament_index
creating /home/ws/install/seer_package/share/ament_index/resource_index
creating /home/ws/install/seer_package/share/ament_index/resource_index/packages
copying resource/seer_package -> /home/ws/install/seer_package/share/ament_index/resource_index/packages
copying package.xml -> /home/ws/install/seer_package/share/seer_package
running install_egg_info
Copying ../../build/seer_package/seer_package.egg-info to /home/ws/install/seer_package/lib/python3.12/site-packages/seer_package-0.0.0-py3.12.egg-info
running install_scripts
Installing test_node script to /home/ws/install/seer_package/lib/seer_package
writing list of installed files to '/home/ws/build/seer_package/install.log'
