[0.836s] Invoking command in '/home/ws/src/seer_package': PYTHONPATH=/home/ws/build/seer_package/prefix_override:/usr/lib/python3/dist-packages/colcon_core/task/python/colcon_distutils_commands:/home/ws/install/seer_package/lib/python3.12/site-packages:${PYTHONPATH} /usr/bin/python3 -W ignore:setup.py install is deprecated -W ignore:easy_install command is deprecated setup.py egg_info --egg-base ../../build/seer_package build --build-base /home/ws/build/seer_package/build install --record /home/ws/build/seer_package/install.log --single-version-externally-managed install_data
[1.090s] running egg_info
[1.091s] creating ../../build/seer_package/seer_package.egg-info
[1.107s] writing ../../build/seer_package/seer_package.egg-info/PKG-INFO
[1.107s] writing dependency_links to ../../build/seer_package/seer_package.egg-info/dependency_links.txt
[1.107s] writing entry points to ../../build/seer_package/seer_package.egg-info/entry_points.txt
[1.107s] writing requirements to ../../build/seer_package/seer_package.egg-info/requires.txt
[1.107s] writing top-level names to ../../build/seer_package/seer_package.egg-info/top_level.txt
[1.108s] writing manifest file '../../build/seer_package/seer_package.egg-info/SOURCES.txt'
[1.144s] reading manifest file '../../build/seer_package/seer_package.egg-info/SOURCES.txt'
[1.144s] adding license file 'LICENSE'
[1.145s] writing manifest file '../../build/seer_package/seer_package.egg-info/SOURCES.txt'
[1.145s] running build
[1.145s] running build_py
[1.145s] creating /home/ws/build/seer_package/build
[1.145s] creating /home/ws/build/seer_package/build/lib
[1.145s] creating /home/ws/build/seer_package/build/lib/seer_package
[1.145s] copying seer_package/test_node.py -> /home/ws/build/seer_package/build/lib/seer_package
[1.145s] copying seer_package/__init__.py -> /home/ws/build/seer_package/build/lib/seer_package
[1.145s] running install
[1.152s] running install_lib
[1.170s] creating /home/ws/install/seer_package/lib/python3.12/site-packages/seer_package
[1.171s] copying /home/ws/build/seer_package/build/lib/seer_package/test_node.py -> /home/ws/install/seer_package/lib/python3.12/site-packages/seer_package
[1.171s] copying /home/ws/build/seer_package/build/lib/seer_package/__init__.py -> /home/ws/install/seer_package/lib/python3.12/site-packages/seer_package
[1.171s] byte-compiling /home/ws/install/seer_package/lib/python3.12/site-packages/seer_package/test_node.py to test_node.cpython-312.pyc
[1.171s] byte-compiling /home/ws/install/seer_package/lib/python3.12/site-packages/seer_package/__init__.py to __init__.cpython-312.pyc
[1.172s] running install_data
[1.172s] creating /home/ws/install/seer_package/share/ament_index
[1.172s] creating /home/ws/install/seer_package/share/ament_index/resource_index
[1.172s] creating /home/ws/install/seer_package/share/ament_index/resource_index/packages
[1.172s] copying resource/seer_package -> /home/ws/install/seer_package/share/ament_index/resource_index/packages
[1.172s] copying package.xml -> /home/ws/install/seer_package/share/seer_package
[1.172s] running install_egg_info
[1.190s] Copying ../../build/seer_package/seer_package.egg-info to /home/ws/install/seer_package/lib/python3.12/site-packages/seer_package-0.0.0-py3.12.egg-info
[1.191s] running install_scripts
[1.321s] Installing test_node script to /home/ws/install/seer_package/lib/seer_package
[1.321s] writing list of installed files to '/home/ws/build/seer_package/install.log'
[1.346s] Invoked command in '/home/ws/src/seer_package' returned '0': PYTHONPATH=/home/ws/build/seer_package/prefix_override:/usr/lib/python3/dist-packages/colcon_core/task/python/colcon_distutils_commands:/home/ws/install/seer_package/lib/python3.12/site-packages:${PYTHONPATH} /usr/bin/python3 -W ignore:setup.py install is deprecated -W ignore:easy_install command is deprecated setup.py egg_info --egg-base ../../build/seer_package build --build-base /home/ws/build/seer_package/build install --record /home/ws/build/seer_package/install.log --single-version-externally-managed install_data
