-- Install configuration: ""
-- Up-to-date: /home/ws/install/seer_diff_drive_robot/share/seer_diff_drive_robot/launch
-- Installing: /home/ws/install/seer_diff_drive_robot/share/seer_diff_drive_robot/launch/robot.launch.py
-- Up-to-date: /home/ws/install/seer_diff_drive_robot/share/seer_diff_drive_robot/model
-- Installing: /home/ws/install/seer_diff_drive_robot/share/seer_diff_drive_robot/model/robot.xacro
-- Up-to-date: /home/ws/install/seer_diff_drive_robot/share/seer_diff_drive_robot/config
-- Up-to-date: /home/ws/install/seer_diff_drive_robot/share/seer_diff_drive_robot/config/gz_bridge.yaml
-- Up-to-date: /home/ws/install/seer_diff_drive_robot/share/ament_index/resource_index/package_run_dependencies/seer_diff_drive_robot
-- Up-to-date: /home/ws/install/seer_diff_drive_robot/share/ament_index/resource_index/parent_prefix_path/seer_diff_drive_robot
-- Up-to-date: /home/ws/install/seer_diff_drive_robot/share/seer_diff_drive_robot/environment/ament_prefix_path.sh
-- Up-to-date: /home/ws/install/seer_diff_drive_robot/share/seer_diff_drive_robot/environment/ament_prefix_path.dsv
-- Up-to-date: /home/ws/install/seer_diff_drive_robot/share/seer_diff_drive_robot/environment/path.sh
-- Up-to-date: /home/ws/install/seer_diff_drive_robot/share/seer_diff_drive_robot/environment/path.dsv
-- Up-to-date: /home/ws/install/seer_diff_drive_robot/share/seer_diff_drive_robot/local_setup.bash
-- Up-to-date: /home/ws/install/seer_diff_drive_robot/share/seer_diff_drive_robot/local_setup.sh
-- Up-to-date: /home/ws/install/seer_diff_drive_robot/share/seer_diff_drive_robot/local_setup.zsh
-- Up-to-date: /home/ws/install/seer_diff_drive_robot/share/seer_diff_drive_robot/local_setup.dsv
-- Up-to-date: /home/ws/install/seer_diff_drive_robot/share/seer_diff_drive_robot/package.dsv
-- Up-to-date: /home/ws/install/seer_diff_drive_robot/share/ament_index/resource_index/packages/seer_diff_drive_robot
-- Up-to-date: /home/ws/install/seer_diff_drive_robot/share/seer_diff_drive_robot/cmake/seer_diff_drive_robotConfig.cmake
-- Up-to-date: /home/ws/install/seer_diff_drive_robot/share/seer_diff_drive_robot/cmake/seer_diff_drive_robotConfig-version.cmake
-- Up-to-date: /home/ws/install/seer_diff_drive_robot/share/seer_diff_drive_robot/package.xml
