[0.009s] Invoking command in '/home/ws/build/seer_diff_drive_robot': CMAKE_PREFIX_PATH=${CMAKE_PREFIX_PATH}:/opt/ros/jazzy /usr/bin/cmake --build /home/ws/build/seer_diff_drive_robot -- -j16 -l16
[0.040s] Invoked command in '/home/ws/build/seer_diff_drive_robot' returned '0': CMAKE_PREFIX_PATH=${CMAKE_PREFIX_PATH}:/opt/ros/jazzy /usr/bin/cmake --build /home/ws/build/seer_diff_drive_robot -- -j16 -l16
[0.048s] Invoking command in '/home/ws/build/seer_diff_drive_robot': CMAKE_PREFIX_PATH=${CMAKE_PREFIX_PATH}:/opt/ros/jazzy /usr/bin/cmake --install /home/ws/build/seer_diff_drive_robot
[0.054s] -- Install configuration: ""
[0.054s] -- Up-to-date: /home/ws/install/seer_diff_drive_robot/share/seer_diff_drive_robot/launch
[0.054s] -- Installing: /home/ws/install/seer_diff_drive_robot/share/seer_diff_drive_robot/launch/robot.launch.py
[0.054s] -- Up-to-date: /home/ws/install/seer_diff_drive_robot/share/seer_diff_drive_robot/model
[0.054s] -- Installing: /home/ws/install/seer_diff_drive_robot/share/seer_diff_drive_robot/model/robot.xacro
[0.054s] -- Up-to-date: /home/ws/install/seer_diff_drive_robot/share/seer_diff_drive_robot/config
[0.054s] -- Up-to-date: /home/ws/install/seer_diff_drive_robot/share/seer_diff_drive_robot/config/gz_bridge.yaml
[0.054s] -- Up-to-date: /home/ws/install/seer_diff_drive_robot/share/ament_index/resource_index/package_run_dependencies/seer_diff_drive_robot
[0.054s] -- Up-to-date: /home/ws/install/seer_diff_drive_robot/share/ament_index/resource_index/parent_prefix_path/seer_diff_drive_robot
[0.054s] -- Up-to-date: /home/ws/install/seer_diff_drive_robot/share/seer_diff_drive_robot/environment/ament_prefix_path.sh
[0.054s] -- Up-to-date: /home/ws/install/seer_diff_drive_robot/share/seer_diff_drive_robot/environment/ament_prefix_path.dsv
[0.054s] -- Up-to-date: /home/ws/install/seer_diff_drive_robot/share/seer_diff_drive_robot/environment/path.sh
[0.055s] -- Up-to-date: /home/ws/install/seer_diff_drive_robot/share/seer_diff_drive_robot/environment/path.dsv
[0.055s] -- Up-to-date: /home/ws/install/seer_diff_drive_robot/share/seer_diff_drive_robot/local_setup.bash
[0.055s] -- Up-to-date: /home/ws/install/seer_diff_drive_robot/share/seer_diff_drive_robot/local_setup.sh
[0.055s] -- Up-to-date: /home/ws/install/seer_diff_drive_robot/share/seer_diff_drive_robot/local_setup.zsh
[0.055s] -- Up-to-date: /home/ws/install/seer_diff_drive_robot/share/seer_diff_drive_robot/local_setup.dsv
[0.055s] -- Up-to-date: /home/ws/install/seer_diff_drive_robot/share/seer_diff_drive_robot/package.dsv
[0.055s] -- Up-to-date: /home/ws/install/seer_diff_drive_robot/share/ament_index/resource_index/packages/seer_diff_drive_robot
[0.055s] -- Up-to-date: /home/ws/install/seer_diff_drive_robot/share/seer_diff_drive_robot/cmake/seer_diff_drive_robotConfig.cmake
[0.055s] -- Up-to-date: /home/ws/install/seer_diff_drive_robot/share/seer_diff_drive_robot/cmake/seer_diff_drive_robotConfig-version.cmake
[0.055s] -- Up-to-date: /home/ws/install/seer_diff_drive_robot/share/seer_diff_drive_robot/package.xml
[0.055s] Invoked command in '/home/ws/build/seer_diff_drive_robot' returned '0': CMAKE_PREFIX_PATH=${CMAKE_PREFIX_PATH}:/opt/ros/jazzy /usr/bin/cmake --install /home/ws/build/seer_diff_drive_robot
